[2025-05-18 11:00:35] === DÉBUT DE LA TRANSACTION DE PAIEMENT ===
[2025-05-18 11:00:35] URL complète: /frontOffice/societe/register/payment_status.php?payment_intent=pi_3RQ4xJP0arAN6IC0002OJ9qw&redirect_status=succeeded
[2025-05-18 11:00:35] Données de la société présentes en session - {
    "nom": "kebabLand",
    "siret": "44306184100047",
    "adresse": "6 avenue du doner, istanbul",
    "email": "test@test.fr",
    "contact_person": "Bertin Kebab",
    "telephone": "0164995938",
    "password": "rootrootroot",
    "confirm_password": null,
    "employee_count": "10",
    "plan": "starter",
    "price": 1800,
    "invoice_number": "INV-20250518-9068",
    "total": 2160
}
[2025-05-18 11:00:35] Paramètres reçus - {
    "payment_intent": "pi_3RQ4xJP0arAN6IC0002OJ9qw",
    "redirect_status": "succeeded"
}
[2025-05-18 11:00:35] Initialisation de Stripe avec la clé secrète
[2025-05-18 11:00:35] Récupération du PaymentIntent depuis Stripe: pi_3RQ4xJP0arAN6IC0002OJ9qw
[2025-05-18 11:00:35] PaymentIntent récupéré - {
    "id": "pi_3RQ4xJP0arAN6IC0002OJ9qw",
    "object": "payment_intent",
    "amount": 216000,
    "amount_capturable": 0,
    "amount_details": {
        "tip": []
    },
    "amount_received": 216000,
    "application": null,
    "application_fee_amount": null,
    "automatic_payment_methods": {
        "allow_redirects": "always",
        "enabled": true
    },
    "canceled_at": null,
    "cancellation_reason": null,
    "capture_method": "automatic_async",
    "client_secret": "pi_3RQ4xJP0arAN6IC0002OJ9qw_secret_ddx5HQTbDZ7p0NdD6sREbhhFL",
    "confirmation_method": "automatic",
    "created": 1747566033,
    "currency": "eur",
    "customer": null,
    "description": "Abonnement Starter - 10 salari\u00e9s",
    "last_payment_error": null,
    "latest_charge": "ch_3RQ4xJP0arAN6IC00eNDfBkN",
    "livemode": false,
    "metadata": {
        "company_name": "kebabLand",
        "company_siret": "44306184100047",
        "employee_count": "10",
        "invoice_number": "INV-20250518-9068",
        "plan": "starter"
    },
    "next_action": null,
    "on_behalf_of": null,
    "payment_method": "pm_1RQ4xJP0arAN6IC0iuzz6zxB",
    "payment_method_configuration_details": {
        "id": "pmc_1RAte7P0arAN6IC0qein3DVW",
        "parent": null
    },
    "payment_method_options": {
        "bancontact": {
            "preferred_language": "en"
        },
        "card": {
            "installments": null,
            "mandate_options": null,
            "network": null,
            "request_three_d_secure": "automatic"
        },
        "eps": [],
        "giropay": [],
        "klarna": {
            "preferred_locale": null
        },
        "link": {
            "persistent_token": null
        }
    },
    "payment_method_types": [
        "card",
        "bancontact",
        "eps",
        "giropay",
        "klarna",
        "link"
    ],
    "processing": null,
    "receipt_email": null,
    "review": null,
    "setup_future_usage": null,
    "shipping": null,
    "source": null,
    "statement_descriptor": null,
    "statement_descriptor_suffix": null,
    "status": "succeeded",
    "transfer_data": null,
    "transfer_group": null
}
[2025-05-18 11:00:35] Paiement confirmé comme réussi
[2025-05-18 11:00:35] Préparation de l'appel API pour créer la société: http://localhost/api/company/create.php
[2025-05-18 11:00:35] Données pour la création de société - {
    "nom": "kebabLand",
    "email": "test@test.fr",
    "adresse": "6 avenue du doner, istanbul",
    "contact_person": "Bertin Kebab",
    "password": "***MASQU\u00c9***",
    "telephone": "0164995938",
    "siret": "44306184100047",
    "desactivate": 0
}
[2025-05-18 11:00:35] Exécution de la requête API pour créer la société
[2025-05-18 11:00:35] Réponse API (HTTP Code: 201) - {"error":"cURL error: SSL certificate problem: unable to get local issuer certificate"}{"societe_id":"14"}
[2025-05-18 11:00:35] JSON malformé détecté, mais extraction réussie d'un objet valide - {
    "societe_id": "14"
}
[2025-05-18 11:00:35] Société créée avec succès, ID: 14
[2025-05-18 11:00:35] Préparation de l'appel API pour créer le devis: http://localhost/api/estimate/create.php
[2025-05-18 11:00:35] Calcul des montants - {
    "total_cents": 216000,
    "total_euros": 2160,
    "montant_ht": 1728
}
[2025-05-18 11:00:35] Données pour la création du devis - {
    "date_debut": "2025-05-18",
    "date_fin": "2026-05-18",
    "montant_ht": 1728,
    "statut": "accept\u00e9",
    "is_contract": 1,
    "id_societe": "14",
    "description": "Abonnement Business Care - starter - 10 employ\u00e9s"
}
[2025-05-18 11:00:35] Exécution de la requête API pour créer le devis
[2025-05-18 11:00:35] Réponse API de création de devis (HTTP Code: 201) - {"id":"11","pdf_path":"\/data\/estimate\/kebabLand\/18-05-2025_11.pdf"}
[2025-05-18 11:00:35] Devis créé avec succès, ID: 11
[2025-05-18 11:00:35] Préparation de l'appel API pour créer la facture: http://localhost/api/invoice/create.php
[2025-05-18 11:00:35] Données pour la création de la facture - {
    "date_emission": "2025-05-18",
    "date_echeance": "2025-06-17",
    "montant": 2160,
    "montant_tva": 432,
    "montant_ht": 1728,
    "statut": "Payee",
    "methode_paiement": "carte bancaire",
    "id_devis": "11",
    "id_prestataire": null
}
[2025-05-18 11:00:35] Exécution de la requête API pour créer la facture
[2025-05-18 11:00:35] Réponse API de création de facture (HTTP Code: 201) - {"id":"6","message":"Facture cr\u00e9\u00e9e avec succ\u00e8s"}
[2025-05-18 11:00:35] Facture créée avec succès, ID: 6
[2025-05-18 11:00:35] Transaction complétée avec succès pour l'email: test@test.fr
[2025-05-18 11:00:35] Nettoyage de la session company_data
[2025-05-18 11:00:35] === FIN DE LA TRANSACTION DE PAIEMENT ===
